<?xml version="1.0" encoding="UTF-8"?>
<!-- Generated by org.testng.reporters.JUnitReportReporter -->
<testsuite skipped="1" hostname="NEWTPBS59" name="com.hybridframework.App" tests="1" failures="0" timestamp="13 Dec 2017 16:29:49 GMT" time="0.000" errors="0">
  <testcase name="abc" time="0.000" classname="com.hybridframework.App">
    <skipped/>
  </testcase> <!-- abc -->
</testsuite> <!-- com.hybridframework.App -->
