<?xml version="1.0" encoding="UTF-8"?>
<!-- Generated by org.testng.reporters.JUnitReportReporter -->
<testsuite skipped="1" hostname="NEWTPBS59" name="com.hybridframework.CharSplitfromString" tests="1" failures="0" timestamp="13 Dec 2017 16:29:49 GMT" time="0.000" errors="0">
  <testcase name="xyz" time="0.000" classname="com.hybridframework.CharSplitfromString">
    <skipped/>
  </testcase> <!-- xyz -->
</testsuite> <!-- com.hybridframework.CharSplitfromString -->
