<?xml version="1.0" encoding="UTF-8"?>
<!-- Generated by org.testng.reporters.JUnitReportReporter -->
<testsuite hostname="NEWTPBS59" name="com.hybridframework.App" tests="1" failures="0" timestamp="15 Dec 2017 02:50:55 GMT" time="5.865" errors="0">
  <testcase name="abc" time="5.865" classname="com.hybridframework.App"/>
</testsuite> <!-- com.hybridframework.App -->
